# JRE version: Java(TM) SE Runtime Environment (8.0_60-b27) (build 1.8.0_60-b27)
# Java VM: Java HotSpot(TM) 64-Bit Server VM (25.60-b23 mixed mode bsd-amd64 compressed oops)
Heap:
 PSYoungGen      total 139776K, used 55587K [0x0000000795580000, 0x00000007a0f00000, 0x00000007c0000000)
  eden space 131584K, 39% used [0x0000000795580000,0x00000007987f15f0,0x000000079d600000)
  from space 8192K, 48% used [0x000000079d600000,0x000000079d9d77d0,0x000000079de00000)
  to   space 8192K, 0% used [0x00000007a0700000,0x00000007a0700000,0x00000007a0f00000)
 ParOldGen       total 60416K, used 13176K [0x0000000740000000, 0x0000000743b00000, 0x0000000795580000)
  object space 60416K, 21% used [0x0000000740000000,0x0000000740cde248,0x0000000743b00000)
 Metaspace       used 36208K, capacity 40812K, committed 41088K, reserved 1085440K
  class space    used 4881K, capacity 5943K, committed 6016K, reserved 1048576K
GC Heap History (10 events):
Event: 1419.412 GC heap before
{Heap before GC invocations=39 (full 16):
 PSYoungGen      total 140800K, used 71287K [0x0000000795580000, 0x000000079e800000, 0x00000007c0000000)
  eden space 131584K, 54% used [0x0000000795580000,0x0000000799b1df90,0x000000079d600000)
  from space 9216K, 0% used [0x000000079df00000,0x000000079df00000,0x000000079e800000)
  to   space 9216K, 0% used [0x000000079d600000,0x000000079d600000,0x000000079df00000)
 ParOldGen       total 60416K, used 12614K [0x0000000740000000, 0x0000000743b00000, 0x0000000795580000)
  object space 60416K, 20% used [0x0000000740000000,0x0000000740c51898,0x0000000743b00000)
 Metaspace       used 35897K, capacity 40192K, committed 40448K, reserved 1083392K
  class space    used 4827K, capacity 5828K, committed 5888K, reserved 1048576K
Event: 1419.419 GC heap after
Heap after GC invocations=39 (full 16):
 PSYoungGen      total 134656K, used 2900K [0x0000000795580000, 0x000000079e700000, 0x00000007c0000000)
  eden space 131584K, 0% used [0x0000000795580000,0x0000000795580000,0x000000079d600000)
  from space 3072K, 94% used [0x000000079d600000,0x000000079d8d5120,0x000000079d900000)
  to   space 8704K, 0% used [0x000000079de80000,0x000000079de80000,0x000000079e700000)
 ParOldGen       total 60416K, used 12622K [0x0000000740000000, 0x0000000743b00000, 0x0000000795580000)
  object space 60416K, 20% used [0x0000000740000000,0x0000000740c53898,0x0000000743b00000)
 Metaspace       used 35897K, capacity 40192K, committed 40448K, reserved 1083392K
  class space    used 4827K, capacity 5828K, committed 5888K, reserved 1048576K
}
Event: 1419.419 GC heap before
{Heap before GC invocations=40 (full 17):
 PSYoungGen      total 134656K, used 2900K [0x0000000795580000, 0x000000079e700000, 0x00000007c0000000)
  eden space 131584K, 0% used [0x0000000795580000,0x0000000795580000,0x000000079d600000)
  from space 3072K, 94% used [0x000000079d600000,0x000000079d8d5120,0x000000079d900000)
  to   space 8704K, 0% used [0x000000079de80000,0x000000079de80000,0x000000079e700000)
 ParOldGen       total 60416K, used 12622K [0x0000000740000000, 0x0000000743b00000, 0x0000000795580000)
  object space 60416K, 20% used [0x0000000740000000,0x0000000740c53898,0x0000000743b00000)
 Metaspace       used 35897K, capacity 40192K, committed 40448K, reserved 1083392K
  class space    used 4827K, capacity 5828K, committed 5888K, reserved 1048576K
Event: 1419.570 GC heap after
Heap after GC invocations=40 (full 17):
 PSYoungGen      total 134656K, used 0K [0x0000000795580000, 0x000000079e700000, 0x00000007c0000000)
  eden space 131584K, 0% used [0x0000000795580000,0x0000000795580000,0x000000079d600000)
  from space 3072K, 0% used [0x000000079d600000,0x000000079d600000,0x000000079d900000)
  to   space 8704K, 0% used [0x000000079de80000,0x000000079de80000,0x000000079e700000)
 ParOldGen       total 60416K, used 13035K [0x0000000740000000, 0x0000000743b00000, 0x0000000795580000)
  object space 60416K, 21% used [0x0000000740000000,0x0000000740cbac60,0x0000000743b00000)
 Metaspace       used 35894K, capacity 40186K, committed 40448K, reserved 1083392K
  class space    used 4826K, capacity 5826K, committed 5888K, reserved 1048576K
}
Event: 1486.185 GC heap before
{Heap before GC invocations=41 (full 17):
 PSYoungGen      total 134656K, used 84978K [0x0000000795580000, 0x000000079e700000, 0x00000007c0000000)
  eden space 131584K, 64% used [0x0000000795580000,0x000000079a87ca90,0x000000079d600000)
  from space 3072K, 0% used [0x000000079d600000,0x000000079d600000,0x000000079d900000)
  to   space 8704K, 0% used [0x000000079de80000,0x000000079de80000,0x000000079e700000)
 ParOldGen       total 60416K, used 13035K [0x0000000740000000, 0x0000000743b00000, 0x0000000795580000)
  object space 60416K, 21% used [0x0000000740000000,0x0000000740cbac60,0x0000000743b00000)
 Metaspace       used 36070K, capacity 40480K, committed 40704K, reserved 1083392K
  class space    used 4855K, capacity 5888K, committed 5888K, reserved 1048576K
Event: 1486.192 GC heap after
Heap after GC invocations=41 (full 17):
 PSYoungGen      total 139264K, used 2708K [0x0000000795580000, 0x000000079e600000, 0x00000007c0000000)
  eden space 131584K, 0% used [0x0000000795580000,0x0000000795580000,0x000000079d600000)
  from space 7680K, 35% used [0x000000079de80000,0x000000079e125120,0x000000079e600000)
  to   space 8192K, 0% used [0x000000079d600000,0x000000079d600000,0x000000079de00000)
 ParOldGen       total 60416K, used 13043K [0x0000000740000000, 0x0000000743b00000, 0x0000000795580000)
  object space 60416K, 21% used [0x0000000740000000,0x0000000740cbcc60,0x0000000743b00000)
 Metaspace       used 36070K, capacity 40480K, committed 40704K, reserved 1083392K
  class space    used 4855K, capacity 5888K, committed 5888K, reserved 1048576K
}
Event: 1486.192 GC heap before
{Heap before GC invocations=42 (full 18):
 PSYoungGen      total 139264K, used 2708K [0x0000000795580000, 0x000000079e600000, 0x00000007c0000000)
  eden space 131584K, 0% used [0x0000000795580000,0x0000000795580000,0x000000079d600000)
  from space 7680K, 35% used [0x000000079de80000,0x000000079e125120,0x000000079e600000)
  to   space 8192K, 0% used [0x000000079d600000,0x000000079d600000,0x000000079de00000)
 ParOldGen       total 60416K, used 13043K [0x0000000740000000, 0x0000000743b00000, 0x0000000795580000)
  object space 60416K, 21% used [0x0000000740000000,0x0000000740cbcc60,0x0000000743b00000)
 Metaspace       used 36070K, capacity 40480K, committed 40704K, reserved 1083392K
  class space    used 4855K, capacity 5888K, committed 5888K, reserved 1048576K
Event: 1486.264 GC heap after
Heap after GC invocations=42 (full 18):
 PSYoungGen      total 139264K, used 0K [0x0000000795580000, 0x000000079e600000, 0x00000007c0000000)
  eden space 131584K, 0% used [0x0000000795580000,0x0000000795580000,0x000000079d600000)
  from space 7680K, 0% used [0x000000079de80000,0x000000079de80000,0x000000079e600000)
  to   space 8192K, 0% used [0x000000079d600000,0x000000079d600000,0x000000079de00000)
 ParOldGen       total 60416K, used 13168K [0x0000000740000000, 0x0000000743b00000, 0x0000000795580000)
  object space 60416K, 21% used [0x0000000740000000,0x0000000740cdc248,0x0000000743b00000)
 Metaspace       used 36068K, capacity 40474K, committed 40704K, reserved 1083392K
  class space    used 4854K, capacity 5886K, committed 5888K, reserved 1048576K
}
Event: 1781.753 GC heap before
{Heap before GC invocations=43 (full 18):
 PSYoungGen      total 139264K, used 131584K [0x0000000795580000, 0x000000079e600000, 0x00000007c0000000)
  eden space 131584K, 100% used [0x0000000795580000,0x000000079d600000,0x000000079d600000)
  from space 7680K, 0% used [0x000000079de80000,0x000000079de80000,0x000000079e600000)
  to   space 8192K, 0% used [0x000000079d600000,0x000000079d600000,0x000000079de00000)
 ParOldGen       total 60416K, used 13168K [0x0000000740000000, 0x0000000743b00000, 0x0000000795580000)
  object space 60416K, 21% used [0x0000000740000000,0x0000000740cdc248,0x0000000743b00000)
 Metaspace       used 36172K, capacity 40716K, committed 40832K, reserved 1083392K
  class space    used 4872K, capacity 5911K, committed 6016K, reserved 1048576K
Event: 1781.764 GC heap after
Heap after GC invocations=43 (full 18):
 PSYoungGen      total 139776K, used 3933K [0x0000000795580000, 0x00000007a0f00000, 0x00000007c0000000)
  eden space 131584K, 0% used [0x0000000795580000,0x0000000795580000,0x000000079d600000)
  from space 8192K, 48% used [0x000000079d600000,0x000000079d9d77d0,0x000000079de00000)
  to   space 8192K, 0% used [0x00000007a0700000,0x00000007a0700000,0x00000007a0f00000)
 ParOldGen       total 60416K, used 13176K [0x0000000740000000, 0x0000000743b00000, 0x0000000795580000)
  object space 60416K, 21% used [0x0000000740000000,0x0000000740cde248,0x0000000743b00000)
 Metaspace       used 36172K, capacity 40716K, committed 40832K, reserved 1083392K
  class space    used 4872K, capacity 5911K, committed 6016K, reserved 1048576K
}

